#
# There is insufficient memory for the Java Runtime Environment to continue.
# Native memory allocation (mmap) failed to map 272629760 bytes for G1 virtual space
# Possible reasons:
#   The system is out of physical RAM or swap space
#   The process is running with CompressedOops enabled, and the Java Heap may be blocking the growth of the native heap
# Possible solutions:
#   Reduce memory load on the system
#   Increase physical memory or swap space
#   Check if swap backing store is full
#   Decrease Java heap size (-Xmx/-Xms)
#   Decrease number of Java threads
#   Decrease Java thread stack sizes (-Xss)
#   Set larger code cache with -XX:ReservedCodeCacheSize=
#   JVM is running with Unscaled Compressed Oops mode in which the Java heap is
#     placed in the first 4GB address space. The Java Heap base address is the
#     maximum limit for the native heap growth. Please use -XX:HeapBaseMinAddress
#     to set the Java Heap base and to place the Java Heap above 4GB virtual address.
# This output file may be truncated or incomplete.
#
#  Out of Memory Error (os_windows.cpp:3771), pid=2508, tid=10228
#
# JRE version: OpenJDK Runtime Environment (17.0.7) (build 17.0.7+0-b2043.56-10550314)
# Java VM: OpenJDK 64-Bit Server VM (17.0.7+0-b2043.56-10550314, mixed mode, tiered, compressed oops, compressed class ptrs, g1 gc, windows-amd64)
# No core dump will be written. Minidumps are not enabled by default on client versions of Windows
#

---------------  S U M M A R Y ------------

Command Line: --add-opens=java.base/java.util=ALL-UNNAMED --add-opens=java.base/java.lang=ALL-UNNAMED --add-opens=java.base/java.lang.invoke=ALL-UNNAMED --add-opens=java.prefs/java.util.prefs=ALL-UNNAMED --add-opens=java.base/java.nio.charset=ALL-UNNAMED --add-opens=java.base/java.net=ALL-UNNAMED --add-opens=java.base/java.util.concurrent.atomic=ALL-UNNAMED -Xmx2048m -Dfile.encoding=UTF-8 -Duser.country=US -Duser.language=en -Duser.variant -javaagent:C:\Program Files\Android\jre\wrapper\dists\gradle-8.2-bin\bbg7u40eoinfdyxsxr3z4i7ta\gradle-8.2\lib\agents\gradle-instrumentation-agent-8.2.jar org.gradle.launcher.daemon.bootstrap.GradleDaemon 8.2

Host: Intel(R) Core(TM) i5-1035G1 CPU @ 1.00GHz, 8 cores, 7G,  Windows 11 , 64 bit Build 22621 (10.0.22621.3374)
Time: Wed May 15 21:16:48 2024 SE Asia Standard Time elapsed time: 14.567715 seconds (0d 0h 0m 14s)

---------------  T H R E A D  ---------------

Current thread (0x000002b11aaeb8d0):  VMThread "VM Thread" [stack: 0x000000c24a600000,0x000000c24a700000] [id=10228]

Stack: [0x000000c24a600000,0x000000c24a700000]
Native frames: (J=compiled Java code, j=interpreted, Vv=VM code, C=native code)
V  [jvm.dll+0x683bfa]
V  [jvm.dll+0x8430a4]
V  [jvm.dll+0x8449be]
V  [jvm.dll+0x845023]
V  [jvm.dll+0x24ad2f]
V  [jvm.dll+0x680ac9]
V  [jvm.dll+0x67519a]
V  [jvm.dll+0x30b3cb]
V  [jvm.dll+0x312876]
V  [jvm.dll+0x36221e]
V  [jvm.dll+0x36244f]
V  [jvm.dll+0x2e14a8]
V  [jvm.dll+0x2df684]
V  [jvm.dll+0x2dec8c]
V  [jvm.dll+0x32382b]
V  [jvm.dll+0x8496eb]
V  [jvm.dll+0x84a424]
V  [jvm.dll+0x84a93d]
V  [jvm.dll+0x84ad14]
V  [jvm.dll+0x84ade0]
V  [jvm.dll+0x7f2aea]
V  [jvm.dll+0x682a35]
C  [ucrtbase.dll+0x29333]
C  [KERNEL32.DLL+0x1257d]
C  [ntdll.dll+0x5aa48]

VM_Operation (0x000000c24bef2480): G1CollectForAllocation, mode: safepoint, requested by thread 0x000002b120f24860


---------------  P R O C E S S  ---------------

Threads class SMR info:
_java_thread_list=0x000002b12290f8d0, length=42, elements={
0x000002b17ecc5750, 0x000002b11ab398b0, 0x000002b11f030510, 0x000002b11ab3df90,
0x000002b11ab3ea50, 0x000002b11f019490, 0x000002b11f019e40, 0x000002b11f056020,
0x000002b11f056920, 0x000002b11f057310, 0x000002b11f145370, 0x000002b11f295ad0,
0x000002b120cbba80, 0x000002b120b87140, 0x000002b120e298a0, 0x000002b1209392d0,
0x000002b121064560, 0x000002b120eaf4a0, 0x000002b120f24860, 0x000002b120441a60,
0x000002b11ffe6a30, 0x000002b11ffe6f00, 0x000002b11ffe56f0, 0x000002b11ffe5bc0,
0x000002b11ffe6090, 0x000002b122514010, 0x000002b122513670, 0x000002b122514e80,
0x000002b1225144e0, 0x000002b1225149b0, 0x000002b122515350, 0x000002b122515820,
0x000002b122511e60, 0x000002b122512330, 0x000002b122512cd0, 0x000002b1225131a0,
0x000002b1218bb060, 0x000002b1218bbed0, 0x000002b1218bfd60, 0x000002b1218c1f10,
0x000002b1218bc870, 0x000002b1218bc3a0
}

Java Threads: ( => current thread )
  0x000002b17ecc5750 JavaThread "main" [_thread_blocked, id=716, stack(0x000000c24a000000,0x000000c24a100000)]
  0x000002b11ab398b0 JavaThread "Reference Handler" daemon [_thread_blocked, id=3672, stack(0x000000c24a700000,0x000000c24a800000)]
  0x000002b11f030510 JavaThread "Finalizer" daemon [_thread_blocked, id=14396, stack(0x000000c24a800000,0x000000c24a900000)]
  0x000002b11ab3df90 JavaThread "Signal Dispatcher" daemon [_thread_blocked, id=284, stack(0x000000c24a900000,0x000000c24aa00000)]
  0x000002b11ab3ea50 JavaThread "Attach Listener" daemon [_thread_blocked, id=10612, stack(0x000000c24aa00000,0x000000c24ab00000)]
  0x000002b11f019490 JavaThread "Service Thread" daemon [_thread_blocked, id=14104, stack(0x000000c24ab00000,0x000000c24ac00000)]
  0x000002b11f019e40 JavaThread "Monitor Deflation Thread" daemon [_thread_blocked, id=5756, stack(0x000000c24ac00000,0x000000c24ad00000)]
  0x000002b11f056020 JavaThread "C2 CompilerThread0" daemon [_thread_blocked, id=13092, stack(0x000000c24ad00000,0x000000c24ae00000)]
  0x000002b11f056920 JavaThread "C1 CompilerThread0" daemon [_thread_blocked, id=15768, stack(0x000000c24ae00000,0x000000c24af00000)]
  0x000002b11f057310 JavaThread "Sweeper thread" daemon [_thread_blocked, id=14488, stack(0x000000c24af00000,0x000000c24b000000)]
  0x000002b11f145370 JavaThread "Common-Cleaner" daemon [_thread_blocked, id=11188, stack(0x000000c24b000000,0x000000c24b100000)]
  0x000002b11f295ad0 JavaThread "Notification Thread" daemon [_thread_blocked, id=10784, stack(0x000000c24b100000,0x000000c24b200000)]
  0x000002b120cbba80 JavaThread "Daemon health stats" [_thread_blocked, id=1028, stack(0x000000c24b900000,0x000000c24ba00000)]
  0x000002b120b87140 JavaThread "Incoming local TCP Connector on port 52754" [_thread_in_native, id=15268, stack(0x000000c24ba00000,0x000000c24bb00000)]
  0x000002b120e298a0 JavaThread "Daemon periodic checks" [_thread_blocked, id=9776, stack(0x000000c24b800000,0x000000c24b900000)]
  0x000002b1209392d0 JavaThread "Daemon" [_thread_blocked, id=2752, stack(0x000000c24bb00000,0x000000c24bc00000)]
  0x000002b121064560 JavaThread "Handler for socket connection from /127.0.0.1:52754 to /127.0.0.1:52755" [_thread_in_native, id=12216, stack(0x000000c24bc00000,0x000000c24bd00000)]
  0x000002b120eaf4a0 JavaThread "Cancel handler" [_thread_blocked, id=5384, stack(0x000000c24bd00000,0x000000c24be00000)]
  0x000002b120f24860 JavaThread "Daemon worker" [_thread_blocked, id=7608, stack(0x000000c24be00000,0x000000c24bf00000)]
  0x000002b120441a60 JavaThread "Asynchronous log dispatcher for DefaultDaemonConnection: socket connection from /127.0.0.1:52754 to /127.0.0.1:52755" [_thread_blocked, id=16220, stack(0x000000c24bf00000,0x000000c24c000000)]
  0x000002b11ffe6a30 JavaThread "Stdin handler" [_thread_blocked, id=10136, stack(0x000000c24c000000,0x000000c24c100000)]
  0x000002b11ffe6f00 JavaThread "Daemon client event forwarder" [_thread_blocked, id=3728, stack(0x000000c24c100000,0x000000c24c200000)]
  0x000002b11ffe56f0 JavaThread "Cache worker for journal cache (C:\Program Files\Android\jre\caches\journal-1)" [_thread_blocked, id=9660, stack(0x000000c24c600000,0x000000c24c700000)]
  0x000002b11ffe5bc0 JavaThread "File lock request listener" [_thread_in_native, id=15932, stack(0x000000c24c700000,0x000000c24c800000)]
  0x000002b11ffe6090 JavaThread "Cache worker for file hash cache (C:\Program Files\Android\jre\caches\8.2\fileHashes)" [_thread_blocked, id=16084, stack(0x000000c24c800000,0x000000c24c900000)]
  0x000002b122514010 JavaThread "File watcher server" daemon [_thread_in_native, id=14964, stack(0x000000c24ca00000,0x000000c24cb00000)]
  0x000002b122513670 JavaThread "File watcher consumer" daemon [_thread_blocked, id=14448, stack(0x000000c24cb00000,0x000000c24cc00000)]
  0x000002b122514e80 JavaThread "jar transforms" [_thread_blocked, id=14760, stack(0x000000c24cc00000,0x000000c24cd00000)]
  0x000002b1225144e0 JavaThread "jar transforms Thread 2" [_thread_blocked, id=14344, stack(0x000000c24cd00000,0x000000c24ce00000)]
  0x000002b1225149b0 JavaThread "jar transforms Thread 3" [_thread_blocked, id=14608, stack(0x000000c24ce00000,0x000000c24cf00000)]
  0x000002b122515350 JavaThread "jar transforms Thread 4" [_thread_blocked, id=15288, stack(0x000000c24cf00000,0x000000c24d000000)]
  0x000002b122515820 JavaThread "jar transforms Thread 5" [_thread_blocked, id=4292, stack(0x000000c24d000000,0x000000c24d100000)]
  0x000002b122511e60 JavaThread "jar transforms Thread 6" [_thread_blocked, id=8876, stack(0x000000c24d100000,0x000000c24d200000)]
  0x000002b122512330 JavaThread "jar transforms Thread 7" [_thread_blocked, id=4128, stack(0x000000c24d200000,0x000000c24d300000)]
  0x000002b122512cd0 JavaThread "jar transforms Thread 8" [_thread_blocked, id=12568, stack(0x000000c24d300000,0x000000c24d400000)]
  0x000002b1225131a0 JavaThread "Cache worker for checksums cache (E:\STUDY\HK2_23_24\LapTrinhDiDong\Online-Courses-App\.gradle\8.2\checksums)" [_thread_blocked, id=16276, stack(0x000000c24d400000,0x000000c24d500000)]
  0x000002b1218bb060 JavaThread "Cache worker for cache directory md-rule (C:\Program Files\Android\jre\caches\8.2\md-rule)" [_thread_blocked, id=2188, stack(0x000000c24d500000,0x000000c24d600000)]
  0x000002b1218bbed0 JavaThread "Cache worker for file content cache (C:\Program Files\Android\jre\caches\8.2\fileContent)" [_thread_blocked, id=1828, stack(0x000000c24d600000,0x000000c24d700000)]
  0x000002b1218bfd60 JavaThread "Cache worker for file hash cache (E:\STUDY\HK2_23_24\LapTrinhDiDong\Online-Courses-App\.gradle\8.2\fileHashes)" [_thread_blocked, id=9068, stack(0x000000c24d700000,0x000000c24d800000)]
  0x000002b1218c1f10 JavaThread "Cache worker for cache directory md-supplier (C:\Program Files\Android\jre\caches\8.2\md-supplier)" [_thread_blocked, id=6640, stack(0x000000c24d800000,0x000000c24d900000)]
  0x000002b1218bc870 JavaThread "Cache worker for execution history cache (C:\Program Files\Android\jre\caches\8.2\executionHistory)" [_thread_blocked, id=5332, stack(0x000000c24b300000,0x000000c24b400000)]
  0x000002b1218bc3a0 JavaThread "Cache worker for kotlin-dsl (C:\Program Files\Android\jre\caches\8.2\kotlin-dsl)" [_thread_blocked, id=10096, stack(0x000000c24d900000,0x000000c24da00000)]

Other Threads:
=>0x000002b11aaeb8d0 VMThread "VM Thread" [stack: 0x000000c24a600000,0x000000c24a700000] [id=10228]
  0x000002b17ed6d290 WatcherThread [stack: 0x000000c24b200000,0x000000c24b300000] [id=12836]
  0x000002b17eaee850 GCTaskThread "GC Thread#0" [stack: 0x000000c24a100000,0x000000c24a200000] [id=14744]
  0x000002b11f870490 GCTaskThread "GC Thread#1" [stack: 0x000000c24b400000,0x000000c24b500000] [id=5844]
  0x000002b11f870b50 GCTaskThread "GC Thread#2" [stack: 0x000000c24b500000,0x000000c24b600000] [id=4572]
  0x000002b12034e910 GCTaskThread "GC Thread#3" [stack: 0x000000c24b600000,0x000000c24b700000] [id=13120]
  0x000002b11fc4d230 GCTaskThread "GC Thread#4" [stack: 0x000000c24b700000,0x000000c24b800000] [id=15816]
  0x000002b120441f30 GCTaskThread "GC Thread#5" [stack: 0x000000c24c200000,0x000000c24c300000] [id=15616]
  0x000002b1208d32b0 GCTaskThread "GC Thread#6" [stack: 0x000000c24c300000,0x000000c24c400000] [id=732]
  0x000002b121773830 GCTaskThread "GC Thread#7" [stack: 0x000000c24c400000,0x000000c24c500000] [id=13728]
  0x000002b17ed6a010 ConcurrentGCThread "G1 Main Marker" [stack: 0x000000c24a200000,0x000000c24a300000] [id=3028]
  0x000002b17ed6b0d0 ConcurrentGCThread "G1 Conc#0" [stack: 0x000000c24a300000,0x000000c24a400000] [id=15672]
  0x000002b121623260 ConcurrentGCThread "G1 Conc#1" [stack: 0x000000c24c500000,0x000000c24c600000] [id=9556]
  0x000002b17ed7ea80 ConcurrentGCThread "G1 Refine#0" [stack: 0x000000c24a400000,0x000000c24a500000] [id=13308]
  0x000002b1239d9350 ConcurrentGCThread "G1 Refine#1" [stack: 0x000000c24da00000,0x000000c24db00000] [id=1460]
  0x000002b1239da490 ConcurrentGCThread "G1 Refine#2" [stack: 0x000000c24db00000,0x000000c24dc00000] [id=4868]
  0x000002b1239d87d0 ConcurrentGCThread "G1 Refine#3" [stack: 0x000000c24dc00000,0x000000c24dd00000] [id=2756]
  0x000002b1239daa50 ConcurrentGCThread "G1 Refine#4" [stack: 0x000000c24dd00000,0x000000c24de00000] [id=7468]
  0x000002b1239da770 ConcurrentGCThread "G1 Refine#5" [stack: 0x000000c24de00000,0x000000c24df00000] [id=4420]
  0x000002b11a9986a0 ConcurrentGCThread "G1 Service" [stack: 0x000000c24a500000,0x000000c24a600000] [id=2556]

Threads with active compile tasks:

VM state: at safepoint (normal execution)

VM Mutex/Monitor currently owned by a thread:  ([mutex/lock_event])
[0x000002b17ecc1790] Threads_lock - owner thread: 0x000002b11aaeb8d0
[0x000002b17ecc1550] Heap_lock - owner thread: 0x000002b120f24860

Heap address: 0x0000000080000000, size: 2048 MB, Compressed Oops mode: 32-bit

CDS archive(s) not mapped
Compressed class space mapped at: 0x0000000100000000-0x0000000140000000, reserved size: 1073741824
Narrow klass base: 0x0000000000000000, Narrow klass shift: 3, Narrow klass range: 0x140000000

GC Precious Log:
 CPUs: 8 total, 8 available
 Memory: 7959M
 Large Page Support: Disabled
 NUMA Support: Disabled
 Compressed Oops: Enabled (32-bit)
 Heap Region Size: 1M
 Heap Min Capacity: 8M
 Heap Initial Capacity: 126M
 Heap Max Capacity: 2G
 Pre-touch: Disabled
 Parallel Workers: 8
 Concurrent Workers: 2
 Concurrent Refinement Workers: 8
 Periodic GC: Disabled

Heap:
 garbage-first heap   total 152576K, used 99175K [0x0000000080000000, 0x0000000100000000)
  region size 1024K, 3 young (3072K), 3 survivors (3072K)
 Metaspace       used 78680K, committed 79360K, reserved 1179648K
  class space    used 10563K, committed 10880K, reserved 1048576K

Heap Regions: E=young(eden), S=young(survivor), O=old, HS=humongous(starts), HC=humongous(continues), CS=collection set, F=free, OA=open archive, CA=closed archive, TAMS=top-at-mark-start (previous, next)
|   0|0x0000000080000000, 0x0000000080100000, 0x0000000080100000|100%|HS|  |TAMS 0x0000000080100000, 0x0000000080100000| Complete 
|   1|0x0000000080100000, 0x0000000080200000, 0x0000000080200000|100%|HC|  |TAMS 0x0000000080200000, 0x0000000080200000| Complete 
|   2|0x0000000080200000, 0x0000000080300000, 0x0000000080300000|100%|HC|  |TAMS 0x0000000080300000, 0x0000000080300000| Complete 
|   3|0x0000000080300000, 0x0000000080400000, 0x0000000080400000|100%|HC|  |TAMS 0x0000000080400000, 0x0000000080400000| Complete 
|   4|0x0000000080400000, 0x0000000080500000, 0x0000000080500000|100%| O|  |TAMS 0x0000000080500000, 0x0000000080500000| Untracked 
|   5|0x0000000080500000, 0x0000000080600000, 0x0000000080600000|100%| O|  |TAMS 0x0000000080600000, 0x0000000080600000| Untracked 
|   6|0x0000000080600000, 0x0000000080700000, 0x0000000080700000|100%| O|  |TAMS 0x0000000080700000, 0x0000000080700000| Untracked 
|   7|0x0000000080700000, 0x0000000080800000, 0x0000000080800000|100%| O|  |TAMS 0x0000000080800000, 0x0000000080800000| Untracked 
|   8|0x0000000080800000, 0x0000000080900000, 0x0000000080900000|100%| O|  |TAMS 0x0000000080900000, 0x0000000080900000| Untracked 
|   9|0x0000000080900000, 0x0000000080a00000, 0x0000000080a00000|100%| O|  |TAMS 0x0000000080a00000, 0x0000000080a00000| Untracked 
|  10|0x0000000080a00000, 0x0000000080b00000, 0x0000000080b00000|100%| O|  |TAMS 0x0000000080b00000, 0x0000000080b00000| Untracked 
|  11|0x0000000080b00000, 0x0000000080bc6a00, 0x0000000080c00000| 77%| O|  |TAMS 0x0000000080bc6a00, 0x0000000080bc6a00| Untracked 
|  12|0x0000000080c00000, 0x0000000080d00000, 0x0000000080d00000|100%| O|  |TAMS 0x0000000080d00000, 0x0000000080d00000| Untracked 
|  13|0x0000000080d00000, 0x0000000080e00000, 0x0000000080e00000|100%| O|  |TAMS 0x0000000080e00000, 0x0000000080e00000| Untracked 
|  14|0x0000000080e00000, 0x0000000080f00000, 0x0000000080f00000|100%| O|  |TAMS 0x0000000080f00000, 0x0000000080f00000| Untracked 
|  15|0x0000000080f00000, 0x0000000081000000, 0x0000000081000000|100%| O|  |TAMS 0x0000000081000000, 0x0000000081000000| Untracked 
|  16|0x0000000081000000, 0x0000000081100000, 0x0000000081100000|100%| O|  |TAMS 0x0000000081100000, 0x0000000081100000| Untracked 
|  17|0x0000000081100000, 0x0000000081200000, 0x0000000081200000|100%| O|  |TAMS 0x0000000081200000, 0x0000000081200000| Untracked 
|  18|0x0000000081200000, 0x0000000081300000, 0x0000000081300000|100%| O|  |TAMS 0x0000000081300000, 0x0000000081300000| Untracked 
|  19|0x0000000081300000, 0x0000000081400000, 0x0000000081400000|100%|HS|  |TAMS 0x0000000081400000, 0x0000000081400000| Complete 
|  20|0x0000000081400000, 0x0000000081500000, 0x0000000081500000|100%|HC|  |TAMS 0x0000000081500000, 0x0000000081500000| Complete 
|  21|0x0000000081500000, 0x0000000081600000, 0x0000000081600000|100%|HS|  |TAMS 0x0000000081600000, 0x0000000081600000| Complete 
|  22|0x0000000081600000, 0x0000000081700000, 0x0000000081700000|100%|HC|  |TAMS 0x0000000081700000, 0x0000000081700000| Complete 
|  23|0x0000000081700000, 0x0000000081800000, 0x0000000081800000|100%|HC|  |TAMS 0x0000000081800000, 0x0000000081800000| Complete 
|  24|0x0000000081800000, 0x0000000081900000, 0x0000000081900000|100%| O|  |TAMS 0x0000000081900000, 0x0000000081900000| Untracked 
|  25|0x0000000081900000, 0x0000000081a00000, 0x0000000081a00000|100%| O|  |TAMS 0x0000000081a00000, 0x0000000081a00000| Untracked 
|  26|0x0000000081a00000, 0x0000000081b00000, 0x0000000081b00000|100%| O|  |TAMS 0x0000000081b00000, 0x0000000081b00000| Untracked 
|  27|0x0000000081b00000, 0x0000000081c00000, 0x0000000081c00000|100%|HS|  |TAMS 0x0000000081c00000, 0x0000000081c00000| Complete 
|  28|0x0000000081c00000, 0x0000000081d00000, 0x0000000081d00000|100%|HC|  |TAMS 0x0000000081d00000, 0x0000000081d00000| Complete 
|  29|0x0000000081d00000, 0x0000000081e00000, 0x0000000081e00000|100%| O|  |TAMS 0x0000000081e00000, 0x0000000081e00000| Untracked 
|  30|0x0000000081e00000, 0x0000000081f00000, 0x0000000081f00000|100%| O|  |TAMS 0x0000000081f00000, 0x0000000081f00000| Untracked 
|  31|0x0000000081f00000, 0x0000000082000000, 0x0000000082000000|100%|HS|  |TAMS 0x0000000082000000, 0x0000000082000000| Complete 
|  32|0x0000000082000000, 0x0000000082100000, 0x0000000082100000|100%|HC|  |TAMS 0x0000000082100000, 0x0000000082100000| Complete 
|  33|0x0000000082100000, 0x0000000082200000, 0x0000000082200000|100%|HC|  |TAMS 0x0000000082200000, 0x0000000082200000| Complete 
|  34|0x0000000082200000, 0x0000000082300000, 0x0000000082300000|100%|HC|  |TAMS 0x0000000082300000, 0x0000000082300000| Complete 
|  35|0x0000000082300000, 0x0000000082400000, 0x0000000082400000|100%|HC|  |TAMS 0x0000000082400000, 0x0000000082400000| Complete 
|  36|0x0000000082400000, 0x0000000082500000, 0x0000000082500000|100%|HC|  |TAMS 0x0000000082500000, 0x0000000082500000| Complete 
|  37|0x0000000082500000, 0x0000000082600000, 0x0000000082600000|100%|HC|  |TAMS 0x0000000082600000, 0x0000000082600000| Complete 
|  38|0x0000000082600000, 0x0000000082700000, 0x0000000082700000|100%|HC|  |TAMS 0x0000000082700000, 0x0000000082700000| Complete 
|  39|0x0000000082700000, 0x0000000082800000, 0x0000000082800000|100%|HC|  |TAMS 0x0000000082800000, 0x0000000082800000| Complete 
|  40|0x0000000082800000, 0x0000000082900000, 0x0000000082900000|100%|HC|  |TAMS 0x0000000082900000, 0x0000000082900000| Complete 
|  41|0x0000000082900000, 0x0000000082a00000, 0x0000000082a00000|100%|HC|  |TAMS 0x0000000082a00000, 0x0000000082a00000| Complete 
|  42|0x0000000082a00000, 0x0000000082b00000, 0x0000000082b00000|100%|HC|  |TAMS 0x0000000082b00000, 0x0000000082b00000| Complete 
|  43|0x0000000082b00000, 0x0000000082c00000, 0x0000000082c00000|100%|HS|  |TAMS 0x0000000082c00000, 0x0000000082c00000| Complete 
|  44|0x0000000082c00000, 0x0000000082d00000, 0x0000000082d00000|100%|HC|  |TAMS 0x0000000082d00000, 0x0000000082d00000| Complete 
|  45|0x0000000082d00000, 0x0000000082e00000, 0x0000000082e00000|100%| O|  |TAMS 0x0000000082e00000, 0x0000000082e00000| Untracked 
|  46|0x0000000082e00000, 0x0000000082f00000, 0x0000000082f00000|100%| O|  |TAMS 0x0000000082f00000, 0x0000000082f00000| Untracked 
|  47|0x0000000082f00000, 0x0000000083000000, 0x0000000083000000|100%| O|  |TAMS 0x0000000083000000, 0x0000000083000000| Untracked 
|  48|0x0000000083000000, 0x0000000083100000, 0x0000000083100000|100%| O|  |TAMS 0x0000000083100000, 0x0000000083100000| Untracked 
|  49|0x0000000083100000, 0x0000000083200000, 0x0000000083200000|100%| O|  |TAMS 0x0000000083200000, 0x0000000083200000| Untracked 
|  50|0x0000000083200000, 0x0000000083300000, 0x0000000083300000|100%| O|  |TAMS 0x0000000083300000, 0x0000000083300000| Untracked 
|  51|0x0000000083300000, 0x0000000083400000, 0x0000000083400000|100%| O|  |TAMS 0x0000000083400000, 0x0000000083400000| Untracked 
|  52|0x0000000083400000, 0x0000000083500000, 0x0000000083500000|100%| O|  |TAMS 0x0000000083500000, 0x0000000083500000| Untracked 
|  53|0x0000000083500000, 0x0000000083600000, 0x0000000083600000|100%| O|  |TAMS 0x0000000083600000, 0x0000000083600000| Untracked 
|  54|0x0000000083600000, 0x0000000083700000, 0x0000000083700000|100%|HS|  |TAMS 0x0000000083700000, 0x0000000083700000| Complete 
|  55|0x0000000083700000, 0x0000000083800000, 0x0000000083800000|100%|HC|  |TAMS 0x0000000083800000, 0x0000000083800000| Complete 
|  56|0x0000000083800000, 0x0000000083900000, 0x0000000083900000|100%|HC|  |TAMS 0x0000000083900000, 0x0000000083900000| Complete 
|  57|0x0000000083900000, 0x0000000083a00000, 0x0000000083a00000|100%| O|  |TAMS 0x0000000083a00000, 0x0000000083a00000| Untracked 
|  58|0x0000000083a00000, 0x0000000083b00000, 0x0000000083b00000|100%| O|  |TAMS 0x0000000083b00000, 0x0000000083b00000| Untracked 
|  59|0x0000000083b00000, 0x0000000083c00000, 0x0000000083c00000|100%| O|  |TAMS 0x0000000083c00000, 0x0000000083c00000| Untracked 
|  60|0x0000000083c00000, 0x0000000083d00000, 0x0000000083d00000|100%|HS|  |TAMS 0x0000000083c00000, 0x0000000083d00000| Complete 
|  61|0x0000000083d00000, 0x0000000083e00000, 0x0000000083e00000|100%| O|  |TAMS 0x0000000083e00000, 0x0000000083e00000| Untracked 
|  62|0x0000000083e00000, 0x0000000083f00000, 0x0000000083f00000|100%| O|  |TAMS 0x0000000083f00000, 0x0000000083f00000| Untracked 
|  63|0x0000000083f00000, 0x0000000084000000, 0x0000000084000000|100%| O|  |TAMS 0x0000000084000000, 0x0000000084000000| Untracked 
|  64|0x0000000084000000, 0x0000000084100000, 0x0000000084100000|100%| O|  |TAMS 0x0000000084100000, 0x0000000084100000| Untracked 
|  65|0x0000000084100000, 0x0000000084200000, 0x0000000084200000|100%| O|  |TAMS 0x0000000084200000, 0x0000000084200000| Untracked 
|  66|0x0000000084200000, 0x0000000084300000, 0x0000000084300000|100%| O|  |TAMS 0x0000000084300000, 0x0000000084300000| Untracked 
|  67|0x0000000084300000, 0x0000000084400000, 0x0000000084400000|100%|HS|  |TAMS 0x0000000084400000, 0x0000000084400000| Complete 
|  68|0x0000000084400000, 0x0000000084500000, 0x0000000084500000|100%|HC|  |TAMS 0x0000000084500000, 0x0000000084500000| Complete 
|  69|0x0000000084500000, 0x0000000084600000, 0x0000000084600000|100%|HC|  |TAMS 0x0000000084600000, 0x0000000084600000| Complete 
|  70|0x0000000084600000, 0x0000000084700000, 0x0000000084700000|100%|HC|  |TAMS 0x0000000084700000, 0x0000000084700000| Complete 
|  71|0x0000000084700000, 0x0000000084800000, 0x0000000084800000|100%| O|  |TAMS 0x0000000084800000, 0x0000000084800000| Untracked 
|  72|0x0000000084800000, 0x0000000084900000, 0x0000000084900000|100%| O|  |TAMS 0x0000000084900000, 0x0000000084900000| Untracked 
|  73|0x0000000084900000, 0x0000000084900000, 0x0000000084a00000|  0%| F|  |TAMS 0x0000000084900000, 0x0000000084900000| Untracked 
|  74|0x0000000084a00000, 0x0000000084b00000, 0x0000000084b00000|100%| O|  |TAMS 0x0000000084a00000, 0x0000000084b00000| Untracked 
|  75|0x0000000084b00000, 0x0000000084c00000, 0x0000000084c00000|100%| O|  |TAMS 0x0000000084c00000, 0x0000000084c00000| Untracked 
|  76|0x0000000084c00000, 0x0000000084d00000, 0x0000000084d00000|100%| O|  |TAMS 0x0000000084d00000, 0x0000000084d00000| Untracked 
|  77|0x0000000084d00000, 0x0000000084e00000, 0x0000000084e00000|100%| O|  |TAMS 0x0000000084e00000, 0x0000000084e00000| Untracked 
|  78|0x0000000084e00000, 0x0000000084f00000, 0x0000000084f00000|100%| O|  |TAMS 0x0000000084f00000, 0x0000000084f00000| Untracked 
|  79|0x0000000084f00000, 0x0000000085000000, 0x0000000085000000|100%| O|  |TAMS 0x0000000085000000, 0x0000000085000000| Untracked 
|  80|0x0000000085000000, 0x0000000085100000, 0x0000000085100000|100%| O|  |TAMS 0x00000000850d4200, 0x0000000085100000| Untracked 
|  81|0x0000000085100000, 0x0000000085200000, 0x0000000085200000|100%| O|  |TAMS 0x0000000085100000, 0x0000000085200000| Untracked 
|  82|0x0000000085200000, 0x0000000085300000, 0x0000000085300000|100%| O|  |TAMS 0x0000000085300000, 0x0000000085300000| Untracked 
|  83|0x0000000085300000, 0x0000000085400000, 0x0000000085400000|100%| O|  |TAMS 0x0000000085400000, 0x0000000085400000| Untracked 
|  84|0x0000000085400000, 0x0000000085500000, 0x0000000085500000|100%| O|  |TAMS 0x0000000085500000, 0x0000000085500000| Untracked 
|  85|0x0000000085500000, 0x0000000085600000, 0x0000000085600000|100%| O|  |TAMS 0x0000000085600000, 0x0000000085600000| Untracked 
|  86|0x0000000085600000, 0x0000000085700000, 0x0000000085700000|100%| O|  |TAMS 0x0000000085700000, 0x0000000085700000| Untracked 
|  87|0x0000000085700000, 0x0000000085800000, 0x0000000085800000|100%| O|  |TAMS 0x0000000085800000, 0x0000000085800000| Untracked 
|  88|0x0000000085800000, 0x0000000085900000, 0x0000000085900000|100%| O|  |TAMS 0x0000000085900000, 0x0000000085900000| Untracked 
|  89|0x0000000085900000, 0x0000000085a00000, 0x0000000085a00000|100%|HS|  |TAMS 0x0000000085900000, 0x0000000085a00000| Complete 
|  90|0x0000000085a00000, 0x0000000085b00000, 0x0000000085b00000|100%|HC|  |TAMS 0x0000000085a00000, 0x0000000085b00000| Complete 
|  91|0x0000000085b00000, 0x0000000085c00000, 0x0000000085c00000|100%|HC|  |TAMS 0x0000000085b00000, 0x0000000085c00000| Complete 
|  92|0x0000000085c00000, 0x0000000085d00000, 0x0000000085d00000|100%|HC|  |TAMS 0x0000000085c00000, 0x0000000085d00000| Complete 
|  93|0x0000000085d00000, 0x0000000085e00000, 0x0000000085e00000|100%|HC|  |TAMS 0x0000000085d00000, 0x0000000085e00000| Complete 
|  94|0x0000000085e00000, 0x0000000085f00000, 0x0000000085f00000|100%|HC|  |TAMS 0x0000000085e00000, 0x0000000085f00000| Complete 
|  95|0x0000000085f00000, 0x0000000085fc3200, 0x0000000086000000| 76%| O|  |TAMS 0x0000000085f00000, 0x0000000085fc3200| Untracked 
|  96|0x0000000086000000, 0x0000000086000000, 0x0000000086100000|  0%| F|  |TAMS 0x0000000086000000, 0x0000000086000000| Untracked 
|  97|0x0000000086100000, 0x0000000086100000, 0x0000000086200000|  0%| F|  |TAMS 0x0000000086100000, 0x0000000086100000| Untracked 
|  98|0x0000000086200000, 0x0000000086200000, 0x0000000086300000|  0%| F|  |TAMS 0x0000000086200000, 0x0000000086200000| Untracked 
|  99|0x0000000086300000, 0x0000000086300000, 0x0000000086400000|  0%| F|  |TAMS 0x0000000086300000, 0x0000000086300000| Untracked 
| 100|0x0000000086400000, 0x0000000086400000, 0x0000000086500000|  0%| F|  |TAMS 0x0000000086400000, 0x0000000086400000| Untracked 
| 101|0x0000000086500000, 0x0000000086500000, 0x0000000086600000|  0%| F|  |TAMS 0x0000000086500000, 0x0000000086500000| Untracked 
| 102|0x0000000086600000, 0x0000000086600000, 0x0000000086700000|  0%| F|  |TAMS 0x0000000086600000, 0x0000000086600000| Untracked 
| 103|0x0000000086700000, 0x0000000086700000, 0x0000000086800000|  0%| F|  |TAMS 0x0000000086700000, 0x0000000086700000| Untracked 
| 104|0x0000000086800000, 0x0000000086800000, 0x0000000086900000|  0%| F|  |TAMS 0x0000000086800000, 0x0000000086800000| Untracked 
| 105|0x0000000086900000, 0x0000000086900000, 0x0000000086a00000|  0%| F|  |TAMS 0x0000000086900000, 0x0000000086900000| Untracked 
| 106|0x0000000086a00000, 0x0000000086a00000, 0x0000000086b00000|  0%| F|  |TAMS 0x0000000086a00000, 0x0000000086a00000| Untracked 
| 107|0x0000000086b00000, 0x0000000086b00000, 0x0000000086c00000|  0%| F|  |TAMS 0x0000000086b00000, 0x0000000086b00000| Untracked 
| 108|0x0000000086c00000, 0x0000000086c00000, 0x0000000086d00000|  0%| F|  |TAMS 0x0000000086c00000, 0x0000000086c00000| Untracked 
| 109|0x0000000086d00000, 0x0000000086d00000, 0x0000000086e00000|  0%| F|  |TAMS 0x0000000086d00000, 0x0000000086d00000| Untracked 
| 110|0x0000000086e00000, 0x0000000086e00000, 0x0000000086f00000|  0%| F|  |TAMS 0x0000000086e00000, 0x0000000086e00000| Untracked 
| 111|0x0000000086f00000, 0x0000000086f00000, 0x0000000087000000|  0%| F|  |TAMS 0x0000000086f00000, 0x0000000086f00000| Untracked 
| 112|0x0000000087000000, 0x0000000087000000, 0x0000000087100000|  0%| F|  |TAMS 0x0000000087000000, 0x0000000087000000| Untracked 
| 113|0x0000000087100000, 0x0000000087100000, 0x0000000087200000|  0%| F|  |TAMS 0x0000000087100000, 0x0000000087100000| Untracked 
| 114|0x0000000087200000, 0x0000000087200000, 0x0000000087300000|  0%| F|  |TAMS 0x0000000087200000, 0x0000000087200000| Untracked 
| 115|0x0000000087300000, 0x0000000087300000, 0x0000000087400000|  0%| F|  |TAMS 0x0000000087300000, 0x0000000087300000| Untracked 
| 116|0x0000000087400000, 0x0000000087400000, 0x0000000087500000|  0%| F|  |TAMS 0x0000000087400000, 0x0000000087400000| Untracked 
| 117|0x0000000087500000, 0x0000000087500000, 0x0000000087600000|  0%| F|  |TAMS 0x0000000087500000, 0x0000000087500000| Untracked 
| 118|0x0000000087600000, 0x00000000876501e0, 0x0000000087700000| 31%| S|CS|TAMS 0x0000000087600000, 0x0000000087600000| Complete 
| 119|0x0000000087700000, 0x0000000087800000, 0x0000000087800000|100%| S|CS|TAMS 0x0000000087700000, 0x0000000087700000| Complete 
| 120|0x0000000087800000, 0x0000000087900000, 0x0000000087900000|100%| S|CS|TAMS 0x0000000087800000, 0x0000000087800000| Complete 
| 121|0x0000000087900000, 0x0000000087900000, 0x0000000087a00000|  0%| F|  |TAMS 0x0000000087900000, 0x0000000087900000| Untracked 
| 122|0x0000000087a00000, 0x0000000087a00000, 0x0000000087b00000|  0%| F|  |TAMS 0x0000000087a00000, 0x0000000087a00000| Untracked 
| 123|0x0000000087b00000, 0x0000000087b00000, 0x0000000087c00000|  0%| F|  |TAMS 0x0000000087b00000, 0x0000000087b00000| Untracked 
| 124|0x0000000087c00000, 0x0000000087c00000, 0x0000000087d00000|  0%| F|  |TAMS 0x0000000087c00000, 0x0000000087c00000| Untracked 
| 125|0x0000000087d00000, 0x0000000087d00000, 0x0000000087e00000|  0%| F|  |TAMS 0x0000000087d00000, 0x0000000087d00000| Untracked 
| 126|0x0000000087e00000, 0x0000000087e00000, 0x0000000087f00000|  0%| F|  |TAMS 0x0000000087e00000, 0x0000000087e00000| Untracked 
| 127|0x0000000087f00000, 0x0000000087f00000, 0x0000000088000000|  0%| F|  |TAMS 0x0000000087f00000, 0x0000000087f00000| Untracked 
| 128|0x0000000088000000, 0x0000000088000000, 0x0000000088100000|  0%| F|  |TAMS 0x0000000088000000, 0x0000000088000000| Untracked 
| 129|0x0000000088100000, 0x0000000088100000, 0x0000000088200000|  0%| F|  |TAMS 0x0000000088100000, 0x0000000088100000| Untracked 
| 130|0x0000000088200000, 0x0000000088200000, 0x0000000088300000|  0%| F|  |TAMS 0x0000000088200000, 0x0000000088200000| Untracked 
| 131|0x0000000088300000, 0x0000000088300000, 0x0000000088400000|  0%| F|  |TAMS 0x0000000088300000, 0x0000000088300000| Untracked 
| 132|0x0000000088400000, 0x0000000088400000, 0x0000000088500000|  0%| F|  |TAMS 0x0000000088400000, 0x0000000088400000| Untracked 
| 133|0x0000000088500000, 0x0000000088500000, 0x0000000088600000|  0%| F|  |TAMS 0x0000000088500000, 0x0000000088500000| Untracked 
| 134|0x0000000088600000, 0x0000000088600000, 0x0000000088700000|  0%| F|  |TAMS 0x0000000088600000, 0x0000000088600000| Untracked 
| 135|0x0000000088700000, 0x0000000088700000, 0x0000000088800000|  0%| F|  |TAMS 0x0000000088700000, 0x0000000088700000| Untracked 
| 136|0x0000000088800000, 0x0000000088800000, 0x0000000088900000|  0%| F|  |TAMS 0x0000000088800000, 0x0000000088800000| Untracked 
| 137|0x0000000088900000, 0x0000000088900000, 0x0000000088a00000|  0%| F|  |TAMS 0x0000000088900000, 0x0000000088900000| Untracked 
| 138|0x0000000088a00000, 0x0000000088a00000, 0x0000000088b00000|  0%| F|  |TAMS 0x0000000088a00000, 0x0000000088a00000| Untracked 
| 139|0x0000000088b00000, 0x0000000088b00000, 0x0000000088c00000|  0%| F|  |TAMS 0x0000000088b00000, 0x0000000088b00000| Untracked 
| 140|0x0000000088c00000, 0x0000000088c00000, 0x0000000088d00000|  0%| F|  |TAMS 0x0000000088c00000, 0x0000000088c00000| Untracked 
| 141|0x0000000088d00000, 0x0000000088d00000, 0x0000000088e00000|  0%| F|  |TAMS 0x0000000088d00000, 0x0000000088d00000| Untracked 
| 142|0x0000000088e00000, 0x0000000088e00000, 0x0000000088f00000|  0%| F|  |TAMS 0x0000000088e00000, 0x0000000088e00000| Untracked 
| 143|0x0000000088f00000, 0x0000000088f00000, 0x0000000089000000|  0%| F|  |TAMS 0x0000000088f00000, 0x0000000088f00000| Untracked 
| 144|0x0000000089000000, 0x0000000089000000, 0x0000000089100000|  0%| F|  |TAMS 0x0000000089000000, 0x0000000089000000| Untracked 
| 145|0x0000000089100000, 0x0000000089100000, 0x0000000089200000|  0%| F|  |TAMS 0x0000000089100000, 0x0000000089100000| Untracked 
| 146|0x0000000089200000, 0x0000000089200000, 0x0000000089300000|  0%| F|  |TAMS 0x0000000089200000, 0x0000000089200000| Untracked 
| 147|0x0000000089300000, 0x0000000089300000, 0x0000000089400000|  0%| F|  |TAMS 0x0000000089300000, 0x0000000089300000| Untracked 
| 148|0x0000000089400000, 0x0000000089400000, 0x0000000089500000|  0%| F|  |TAMS 0x0000000089400000, 0x0000000089400000| Untracked 

Card table byte_map: [0x000002b113820000,0x000002b113c20000] _byte_map_base: 0x000002b113420000

Marking Bits (Prev, Next): (CMBitMap*) 0x000002b17ed1c110, (CMBitMap*) 0x000002b17ed1c0d0
 Prev Bits: [0x000002b116020000, 0x000002b118020000)
 Next Bits: [0x000002b114020000, 0x000002b116020000)

Polling page: 0x000002b17ed80000

Metaspace:

Usage:
  Non-class:     66.52 MB used.
      Class:     10.32 MB used.
       Both:     76.84 MB used.

Virtual space:
  Non-class space:      128.00 MB reserved,      66.88 MB ( 52%) committed,  2 nodes.
      Class space:        1.00 GB reserved,      10.62 MB (  1%) committed,  1 nodes.
             Both:        1.12 GB reserved,      77.50 MB (  7%) committed. 

Chunk freelists:
   Non-Class:  13.14 MB
       Class:  5.39 MB
        Both:  18.53 MB

MaxMetaspaceSize: unlimited
CompressedClassSpaceSize: 1.00 GB
Initial GC threshold: 21.00 MB
Current GC threshold: 119.06 MB
CDS: off
MetaspaceReclaimPolicy: balanced
 - commit_granule_bytes: 65536.
 - commit_granule_words: 8192.
 - virtual_space_node_default_size: 8388608.
 - enlarge_chunks_in_place: 1.
 - new_chunks_are_fully_committed: 0.
 - uncommit_free_chunks: 1.
 - use_allocation_guard: 0.
 - handle_deallocations: 1.


Internal statistics:

num_allocs_failed_limit: 3.
num_arena_births: 722.
num_arena_deaths: 0.
num_vsnodes_births: 3.
num_vsnodes_deaths: 0.
num_space_committed: 1239.
num_space_uncommitted: 0.
num_chunks_returned_to_freelist: 3.
num_chunks_taken_from_freelist: 3283.
num_chunk_merges: 3.
num_chunk_splits: 2385.
num_chunks_enlarged: 1833.
num_inconsistent_stats: 0.

CodeHeap 'non-profiled nmethods': size=120000Kb used=3204Kb max_used=3277Kb free=116795Kb
 bounds [0x000002b10c2f0000, 0x000002b10c640000, 0x000002b113820000]
CodeHeap 'profiled nmethods': size=120000Kb used=9712Kb max_used=9782Kb free=110287Kb
 bounds [0x000002b104820000, 0x000002b1051d0000, 0x000002b10bd50000]
CodeHeap 'non-nmethods': size=5760Kb used=2376Kb max_used=2408Kb free=3383Kb
 bounds [0x000002b10bd50000, 0x000002b10bfc0000, 0x000002b10c2f0000]
 total_blobs=5910 nmethods=5018 adapters=804
 compilation: enabled
              stopped_count=0, restarted_count=0
 full_count=0

Compilation events (20 events):
Event: 14.410 Thread 0x000002b11f056920 5786       3       java.lang.reflect.Constructor::getGenericParameterTypes (5 bytes)
Event: 14.411 Thread 0x000002b11f056920 nmethod 5786 0x000002b10484a490 code [0x000002b10484a720, 0x000002b10484b6b8]
Event: 14.414 Thread 0x000002b11f056920 5787       3       java.lang.reflect.Constructor::isSynthetic (5 bytes)
Event: 14.414 Thread 0x000002b11f056920 nmethod 5787 0x000002b104849f90 code [0x000002b10484a140, 0x000002b10484a378]
Event: 14.436 Thread 0x000002b11f056920 5788       3       java.util.concurrent.atomic.AtomicLong::compareAndSet (13 bytes)
Event: 14.436 Thread 0x000002b11f056920 nmethod 5788 0x000002b1049cb290 code [0x000002b1049cb420, 0x000002b1049cb558]
Event: 14.440 Thread 0x000002b11f056920 5789       3       org.jetbrains.kotlin.container.CacheKt::getConstructorInfo (258 bytes)
Event: 14.443 Thread 0x000002b11f056920 nmethod 5789 0x000002b10495f310 code [0x000002b10495fba0, 0x000002b1049650d8]
Event: 14.453 Thread 0x000002b11f056920 5791       3       org.jetbrains.kotlin.container.CacheKt::getRegistrations (115 bytes)
Event: 14.453 Thread 0x000002b11f056920 nmethod 5791 0x000002b104848f90 code [0x000002b104849220, 0x000002b104849c48]
Event: 14.453 Thread 0x000002b11f056920 5790       3       sun.reflect.generics.tree.MethodTypeSignature::<init> (26 bytes)
Event: 14.453 Thread 0x000002b11f056920 nmethod 5790 0x000002b10495ed90 code [0x000002b10495ef40, 0x000002b10495f218]
Event: 14.453 Thread 0x000002b11f056920 5792       3       org.jetbrains.kotlin.container.ClassInfo::<init> (38 bytes)
Event: 14.454 Thread 0x000002b11f056920 nmethod 5792 0x000002b104847c90 code [0x000002b104847f20, 0x000002b104848b58]
Event: 14.454 Thread 0x000002b11f056920 5793       3       sun.reflect.generics.parser.SignatureParser::parseZeroOrMoreTypeSignatures (174 bytes)
Event: 14.454 Thread 0x000002b11f056920 nmethod 5793 0x000002b104c6a010 code [0x000002b104c6a260, 0x000002b104c6b0d8]
Event: 14.517 Thread 0x000002b11f056920 5794       3       org.jetbrains.kotlin.container.ComponentStorage::collectAdhocComponents (190 bytes)
Event: 14.518 Thread 0x000002b11f056920 nmethod 5794 0x000002b104c68290 code [0x000002b104c68580, 0x000002b104c69ae8]
Event: 14.545 Thread 0x000002b11f056920 5795       1       kotlin.collections.EmptyList::isEmpty (2 bytes)
Event: 14.545 Thread 0x000002b11f056920 nmethod 5795 0x000002b10c589010 code [0x000002b10c5891a0, 0x000002b10c589278]

GC Heap History (20 events):
Event: 11.546 GC heap after
{Heap after GC invocations=27 (full 0):
 garbage-first heap   total 114688K, used 67502K [0x0000000080000000, 0x0000000100000000)
  region size 1024K, 1 young (1024K), 1 survivors (1024K)
 Metaspace       used 56329K, committed 56896K, reserved 1114112K
  class space    used 7945K, committed 8192K, reserved 1048576K
}
Event: 12.152 GC heap before
{Heap before GC invocations=27 (full 0):
 garbage-first heap   total 114688K, used 94126K [0x0000000080000000, 0x0000000100000000)
  region size 1024K, 27 young (27648K), 1 survivors (1024K)
 Metaspace       used 59414K, committed 60032K, reserved 1114112K
  class space    used 8365K, committed 8640K, reserved 1048576K
}
Event: 12.155 GC heap after
{Heap after GC invocations=28 (full 0):
 garbage-first heap   total 114688K, used 68587K [0x0000000080000000, 0x0000000100000000)
  region size 1024K, 2 young (2048K), 2 survivors (2048K)
 Metaspace       used 59414K, committed 60032K, reserved 1114112K
  class space    used 8365K, committed 8640K, reserved 1048576K
}
Event: 12.557 GC heap before
{Heap before GC invocations=29 (full 0):
 garbage-first heap   total 117760K, used 99307K [0x0000000080000000, 0x0000000100000000)
  region size 1024K, 28 young (28672K), 2 survivors (2048K)
 Metaspace       used 62853K, committed 63488K, reserved 1114112K
  class space    used 8780K, committed 9024K, reserved 1048576K
}
Event: 12.560 GC heap after
{Heap after GC invocations=30 (full 0):
 garbage-first heap   total 117760K, used 76509K [0x0000000080000000, 0x0000000100000000)
  region size 1024K, 4 young (4096K), 4 survivors (4096K)
 Metaspace       used 62853K, committed 63488K, reserved 1114112K
  class space    used 8780K, committed 9024K, reserved 1048576K
}
Event: 12.565 GC heap before
{Heap before GC invocations=30 (full 0):
 garbage-first heap   total 117760K, used 77533K [0x0000000080000000, 0x0000000100000000)
  region size 1024K, 5 young (5120K), 4 survivors (4096K)
 Metaspace       used 62853K, committed 63488K, reserved 1114112K
  class space    used 8780K, committed 9024K, reserved 1048576K
}
Event: 12.569 GC heap after
{Heap after GC invocations=31 (full 0):
 garbage-first heap   total 141312K, used 77083K [0x0000000080000000, 0x0000000100000000)
  region size 1024K, 1 young (1024K), 1 survivors (1024K)
 Metaspace       used 62853K, committed 63488K, reserved 1114112K
  class space    used 8780K, committed 9024K, reserved 1048576K
}
Event: 13.169 GC heap before
{Heap before GC invocations=31 (full 0):
 garbage-first heap   total 141312K, used 114971K [0x0000000080000000, 0x0000000100000000)
  region size 1024K, 38 young (38912K), 1 survivors (1024K)
 Metaspace       used 68768K, committed 69376K, reserved 1114112K
  class space    used 9529K, committed 9792K, reserved 1048576K
}
Event: 13.172 GC heap after
{Heap after GC invocations=32 (full 0):
 garbage-first heap   total 141312K, used 79069K [0x0000000080000000, 0x0000000100000000)
  region size 1024K, 3 young (3072K), 3 survivors (3072K)
 Metaspace       used 68768K, committed 69376K, reserved 1114112K
  class space    used 9529K, committed 9792K, reserved 1048576K
}
Event: 13.451 GC heap before
{Heap before GC invocations=33 (full 0):
 garbage-first heap   total 141312K, used 123101K [0x0000000080000000, 0x0000000100000000)
  region size 1024K, 39 young (39936K), 3 survivors (3072K)
 Metaspace       used 69458K, committed 70144K, reserved 1114112K
  class space    used 9610K, committed 9920K, reserved 1048576K
}
Event: 13.463 GC heap after
{Heap after GC invocations=34 (full 0):
 garbage-first heap   total 141312K, used 88858K [0x0000000080000000, 0x0000000100000000)
  region size 1024K, 5 young (5120K), 5 survivors (5120K)
 Metaspace       used 69458K, committed 70144K, reserved 1114112K
  class space    used 9610K, committed 9920K, reserved 1048576K
}
Event: 13.472 GC heap before
{Heap before GC invocations=34 (full 0):
 garbage-first heap   total 141312K, used 89882K [0x0000000080000000, 0x0000000100000000)
  region size 1024K, 6 young (6144K), 5 survivors (5120K)
 Metaspace       used 69482K, committed 70144K, reserved 1114112K
  class space    used 9610K, committed 9920K, reserved 1048576K
}
Event: 13.477 GC heap after
{Heap after GC invocations=35 (full 0):
 garbage-first heap   total 141312K, used 89010K [0x0000000080000000, 0x0000000100000000)
  region size 1024K, 1 young (1024K), 1 survivors (1024K)
 Metaspace       used 69482K, committed 70144K, reserved 1114112K
  class space    used 9610K, committed 9920K, reserved 1048576K
}
Event: 13.792 GC heap before
{Heap before GC invocations=35 (full 0):
 garbage-first heap   total 141312K, used 113586K [0x0000000080000000, 0x0000000100000000)
  region size 1024K, 25 young (25600K), 1 survivors (1024K)
 Metaspace       used 72276K, committed 72960K, reserved 1114112K
  class space    used 9948K, committed 10304K, reserved 1048576K
}
Event: 13.796 GC heap after
{Heap after GC invocations=36 (full 0):
 garbage-first heap   total 141312K, used 89213K [0x0000000080000000, 0x0000000100000000)
  region size 1024K, 1 young (1024K), 1 survivors (1024K)
 Metaspace       used 72276K, committed 72960K, reserved 1114112K
  class space    used 9948K, committed 10304K, reserved 1048576K
}
Event: 14.192 GC heap before
{Heap before GC invocations=37 (full 0):
 garbage-first heap   total 152576K, used 121981K [0x0000000080000000, 0x0000000100000000)
  region size 1024K, 27 young (27648K), 1 survivors (1024K)
 Metaspace       used 74847K, committed 75520K, reserved 1114112K
  class space    used 10240K, committed 10560K, reserved 1048576K
}
Event: 14.195 GC heap after
{Heap after GC invocations=38 (full 0):
 garbage-first heap   total 152576K, used 97710K [0x0000000080000000, 0x0000000100000000)
  region size 1024K, 3 young (3072K), 3 survivors (3072K)
 Metaspace       used 74847K, committed 75520K, reserved 1114112K
  class space    used 10240K, committed 10560K, reserved 1048576K
}
Event: 14.241 GC heap before
{Heap before GC invocations=38 (full 0):
 garbage-first heap   total 152576K, used 100782K [0x0000000080000000, 0x0000000100000000)
  region size 1024K, 7 young (7168K), 3 survivors (3072K)
 Metaspace       used 75168K, committed 75904K, reserved 1114112K
  class space    used 10279K, committed 10624K, reserved 1048576K
}
Event: 14.244 GC heap after
{Heap after GC invocations=39 (full 0):
 garbage-first heap   total 152576K, used 97622K [0x0000000080000000, 0x0000000100000000)
  region size 1024K, 1 young (1024K), 1 survivors (1024K)
 Metaspace       used 75168K, committed 75904K, reserved 1114112K
  class space    used 10279K, committed 10624K, reserved 1048576K
}
Event: 14.560 GC heap before
{Heap before GC invocations=39 (full 0):
 garbage-first heap   total 152576K, used 125270K [0x0000000080000000, 0x0000000100000000)
  region size 1024K, 28 young (28672K), 1 survivors (1024K)
 Metaspace       used 78680K, committed 79360K, reserved 1179648K
  class space    used 10563K, committed 10880K, reserved 1048576K
}

Dll operation events (3 events):
Event: 0.011 Loaded shared library C:\Program Files\Android\jbr\bin\java.dll
Event: 0.145 Loaded shared library C:\Program Files\Android\jbr\bin\zip.dll
Event: 0.387 Loaded shared library C:\Program Files\Android\jbr\bin\verify.dll

Deoptimization events (20 events):
Event: 14.056 Thread 0x000002b120f24860 DEOPT PACKING pc=0x000002b10c38fe30 sp=0x000000c24bef52a0
Event: 14.056 Thread 0x000002b120f24860 DEOPT UNPACKING pc=0x000002b10bdaa1a3 sp=0x000000c24bef5188 mode 2
Event: 14.061 Thread 0x000002b120f24860 Uncommon trap: trap_request=0xffffffde fr.pc=0x000002b10c38fe30 relative=0x0000000000000550
Event: 14.061 Thread 0x000002b120f24860 Uncommon trap: reason=class_check action=maybe_recompile pc=0x000002b10c38fe30 method=org.jetbrains.kotlin.protobuf.CodedInputStream.tryRefillBuffer(I)Z @ 177 c2
Event: 14.061 Thread 0x000002b120f24860 DEOPT PACKING pc=0x000002b10c38fe30 sp=0x000000c24bef52a0
Event: 14.061 Thread 0x000002b120f24860 DEOPT UNPACKING pc=0x000002b10bdaa1a3 sp=0x000000c24bef5188 mode 2
Event: 14.061 Thread 0x000002b120f24860 Uncommon trap: trap_request=0xffffffde fr.pc=0x000002b10c38fe30 relative=0x0000000000000550
Event: 14.061 Thread 0x000002b120f24860 Uncommon trap: reason=class_check action=maybe_recompile pc=0x000002b10c38fe30 method=org.jetbrains.kotlin.protobuf.CodedInputStream.tryRefillBuffer(I)Z @ 177 c2
Event: 14.061 Thread 0x000002b120f24860 DEOPT PACKING pc=0x000002b10c38fe30 sp=0x000000c24bef52a0
Event: 14.061 Thread 0x000002b120f24860 DEOPT UNPACKING pc=0x000002b10bdaa1a3 sp=0x000000c24bef5188 mode 2
Event: 14.068 Thread 0x000002b120f24860 DEOPT PACKING pc=0x000002b104c1dc54 sp=0x000000c24bef5010
Event: 14.068 Thread 0x000002b120f24860 DEOPT UNPACKING pc=0x000002b10bdaace3 sp=0x000000c24bef4568 mode 0
Event: 14.122 Thread 0x000002b120f24860 Uncommon trap: trap_request=0xffffff76 fr.pc=0x000002b10c615044 relative=0x00000000000001a4
Event: 14.122 Thread 0x000002b120f24860 Uncommon trap: reason=predicate action=maybe_recompile pc=0x000002b10c615044 method=java.util.LinkedHashMap.keysToArray([Ljava/lang/Object;)[Ljava/lang/Object; @ 12 c2
Event: 14.122 Thread 0x000002b120f24860 DEOPT PACKING pc=0x000002b10c615044 sp=0x000000c24bef1b00
Event: 14.122 Thread 0x000002b120f24860 DEOPT UNPACKING pc=0x000002b10bdaa1a3 sp=0x000000c24bef1ab8 mode 2
Event: 14.219 Thread 0x000002b120f24860 Uncommon trap: trap_request=0xffffff45 fr.pc=0x000002b10c5c2584 relative=0x00000000000000e4
Event: 14.219 Thread 0x000002b120f24860 Uncommon trap: reason=unstable_if action=reinterpret pc=0x000002b10c5c2584 method=org.jetbrains.kotlin.com.intellij.util.SmartList.get(I)Ljava/lang/Object; @ 13 c2
Event: 14.219 Thread 0x000002b120f24860 DEOPT PACKING pc=0x000002b10c5c2584 sp=0x000000c24bef3bb0
Event: 14.219 Thread 0x000002b120f24860 DEOPT UNPACKING pc=0x000002b10bdaa1a3 sp=0x000000c24bef3b50 mode 2

Classes unloaded (0 events):
No events

Classes redefined (0 events):
No events

Internal exceptions (20 events):
Event: 9.747 Thread 0x000002b120f24860 Exception <a 'java/lang/IncompatibleClassChangeError'{0x0000000085fc0ea0}: Found class java.lang.Object, but interface was expected> (0x0000000085fc0ea0) 
thrown [s\src\hotspot\share\interpreter\linkResolver.cpp, line 838]
Event: 9.754 Thread 0x000002b120f24860 Exception <a 'java/lang/NoSuchMethodError'{0x0000000085e3b3a0}: 'void java.lang.invoke.DirectMethodHandle$Holder.invokeStatic(java.lang.Object, java.lang.Object, java.lang.Object, java.lang.Object, java.lang.Object, java.lang.Object)'> (0x0000000085e3b3a0) 
thrown [s\src\hotspot\share\interpreter\linkResolver.cpp, line 771]
Event: 9.818 Thread 0x000002b120f24860 Exception <a 'java/lang/NoSuchMethodError'{0x0000000085b44fd8}: 'java.lang.Object java.lang.invoke.DirectMethodHandle$Holder.invokeStaticInit(java.lang.Object, int)'> (0x0000000085b44fd8) 
thrown [s\src\hotspot\share\interpreter\linkResolver.cpp, line 771]
Event: 9.853 Thread 0x000002b120f24860 Exception <a 'java/lang/NoSuchMethodError'{0x0000000085a9e758}: 'int java.lang.invoke.DelegatingMethodHandle$Holder.reinvoke_L(java.lang.Object, java.lang.Object, java.lang.Object, long, int, int)'> (0x0000000085a9e758) 
thrown [s\src\hotspot\share\interpreter\linkResolver.cpp, line 771]
Event: 9.855 Thread 0x000002b120f24860 Exception <a 'java/lang/NoSuchMethodError'{0x0000000085aae328}: 'int java.lang.invoke.DelegatingMethodHandle$Holder.reinvoke_L(java.lang.Object, java.lang.Object, java.lang.Object, long, long, long)'> (0x0000000085aae328) 
thrown [s\src\hotspot\share\interpreter\linkResolver.cpp, line 771]
Event: 9.857 Thread 0x000002b120f24860 Exception <a 'java/lang/NoSuchMethodError'{0x0000000085abe200}: 'int java.lang.invoke.DelegatingMethodHandle$Holder.reinvoke_L(java.lang.Object, java.lang.Object, java.lang.Object, long, java.lang.Object, java.lang.Object)'> (0x0000000085abe200) 
thrown [s\src\hotspot\share\interpreter\linkResolver.cpp, line 771]
Event: 9.860 Thread 0x000002b120f24860 Exception <a 'java/lang/NoSuchMethodError'{0x0000000085acdf20}: 'void java.lang.invoke.DelegatingMethodHandle$Holder.reinvoke_L(java.lang.Object, java.lang.Object, java.lang.Object, long, java.lang.Object)'> (0x0000000085acdf20) 
thrown [s\src\hotspot\share\interpreter\linkResolver.cpp, line 771]
Event: 9.861 Thread 0x000002b120f24860 Exception <a 'java/lang/NoSuchMethodError'{0x0000000085ad65a8}: 'java.lang.Object java.lang.invoke.DirectMethodHandle$Holder.invokeSpecial(java.lang.Object, java.lang.Object, java.lang.Object, java.lang.Object, long)'> (0x0000000085ad65a8) 
thrown [s\src\hotspot\share\interpreter\linkResolver.cpp, line 771]
Event: 9.866 Thread 0x000002b120f24860 Exception <a 'java/lang/NoSuchMethodError'{0x0000000085afefc8}: 'long java.lang.invoke.Invokers$Holder.invoke_MT(java.lang.Object, java.lang.Object, java.lang.Object, java.lang.Object)'> (0x0000000085afefc8) 
thrown [s\src\hotspot\share\interpreter\linkResolver.cpp, line 771]
Event: 9.868 Thread 0x000002b120f24860 Exception <a 'java/lang/NoSuchMethodError'{0x00000000859085c8}: 'int java.lang.invoke.Invokers$Holder.invoke_MT(java.lang.Object, java.lang.Object, java.lang.Object, java.lang.Object)'> (0x00000000859085c8) 
thrown [s\src\hotspot\share\interpreter\linkResolver.cpp, line 771]
Event: 9.871 Thread 0x000002b120f24860 Exception <a 'java/lang/NoSuchMethodError'{0x0000000085919610}: 'int java.lang.invoke.DelegatingMethodHandle$Holder.reinvoke_L(java.lang.Object, java.lang.Object, java.lang.Object, long, int)'> (0x0000000085919610) 
thrown [s\src\hotspot\share\interpreter\linkResolver.cpp, line 771]
Event: 9.873 Thread 0x000002b120f24860 Exception <a 'java/lang/NoSuchMethodError'{0x000000008592da60}: 'java.lang.Object java.lang.invoke.Invokers$Holder.invokeExact_MT(java.lang.Object, java.lang.Object, long, java.lang.Object)'> (0x000000008592da60) 
thrown [s\src\hotspot\share\interpreter\linkResolver.cpp, line 771]
Event: 12.354 Thread 0x000002b120f24860 Exception <a 'java/lang/NoSuchMethodError'{0x0000000086700b78}: 'long java.lang.invoke.DirectMethodHandle$Holder.invokeStatic(java.lang.Object)'> (0x0000000086700b78) 
thrown [s\src\hotspot\share\interpreter\linkResolver.cpp, line 771]
Event: 12.354 Thread 0x000002b120f24860 Exception <a 'java/lang/NoSuchMethodError'{0x0000000086705760}: 'long java.lang.invoke.DirectMethodHandle$Holder.invokeStaticInit(java.lang.Object)'> (0x0000000086705760) 
thrown [s\src\hotspot\share\interpreter\linkResolver.cpp, line 771]
Event: 12.530 Thread 0x000002b120f24860 Implicit null exception at 0x000002b10c51208c to 0x000002b10c5121c2
Event: 12.921 Thread 0x000002b120f24860 Exception <a 'java/lang/NoSuchMethodError'{0x0000000087591218}: 'void java.lang.invoke.DirectMethodHandle$Holder.invokeVirtual(java.lang.Object, java.lang.Object)'> (0x0000000087591218) 
thrown [s\src\hotspot\share\interpreter\linkResolver.cpp, line 771]
Event: 13.177 Thread 0x000002b120f24860 Exception <a 'java/lang/NoSuchMethodError'{0x0000000088921a68}: 'java.lang.Object java.lang.invoke.Invokers$Holder.invoke_MT(java.lang.Object, java.lang.Object, java.lang.Object)'> (0x0000000088921a68) 
thrown [s\src\hotspot\share\interpreter\linkResolver.cpp, line 771]
Event: 13.371 Thread 0x000002b120f24860 Implicit null exception at 0x000002b10c3485c8 to 0x000002b10c34a59c
Event: 13.383 Thread 0x000002b120f24860 Implicit null exception at 0x000002b10c3a8d76 to 0x000002b10c3a9d10
Event: 13.384 Thread 0x000002b120f24860 Implicit null exception at 0x000002b10c36dc27 to 0x000002b10c36f31c

VM Operations (20 events):
Event: 13.217 Executing VM operation: G1Concurrent done
Event: 13.230 Executing VM operation: HandshakeAllThreads
Event: 13.230 Executing VM operation: HandshakeAllThreads done
Event: 13.231 Executing VM operation: G1Concurrent
Event: 13.231 Executing VM operation: G1Concurrent done
Event: 13.451 Executing VM operation: G1CollectForAllocation
Event: 13.463 Executing VM operation: G1CollectForAllocation done
Event: 13.471 Executing VM operation: G1CollectForAllocation
Event: 13.477 Executing VM operation: G1CollectForAllocation done
Event: 13.792 Executing VM operation: G1CollectForAllocation
Event: 13.796 Executing VM operation: G1CollectForAllocation done
Event: 13.847 Executing VM operation: G1Concurrent
Event: 13.850 Executing VM operation: G1Concurrent done
Event: 13.875 Executing VM operation: G1Concurrent
Event: 13.876 Executing VM operation: G1Concurrent done
Event: 14.192 Executing VM operation: G1CollectForAllocation
Event: 14.195 Executing VM operation: G1CollectForAllocation done
Event: 14.240 Executing VM operation: G1CollectForAllocation
Event: 14.244 Executing VM operation: G1CollectForAllocation done
Event: 14.560 Executing VM operation: G1CollectForAllocation

Events (20 events):
Event: 13.180 loading class java/io/UTFDataFormatException
Event: 13.180 loading class java/io/UTFDataFormatException done
Event: 13.223 loading class java/util/DualPivotQuicksort
Event: 13.224 loading class java/util/DualPivotQuicksort done
Event: 13.229 loading class java/nio/file/attribute/DosFileAttributeView
Event: 13.229 loading class java/nio/file/attribute/DosFileAttributeView done
Event: 13.229 loading class sun/nio/fs/WindowsFileAttributeViews$Dos
Event: 13.229 loading class sun/nio/fs/WindowsFileAttributeViews$Dos done
Event: 13.261 Thread 0x000002b120719600 Thread added: 0x000002b120719600
Event: 13.416 loading class java/nio/channels/Channels
Event: 13.416 loading class java/nio/channels/Channels done
Event: 13.416 loading class java/nio/channels/Channels$ReadableByteChannelImpl
Event: 13.416 loading class java/nio/channels/Channels$ReadableByteChannelImpl done
Event: 13.417 loading class java/nio/channels/NonWritableChannelException
Event: 13.417 loading class java/nio/channels/NonWritableChannelException done
Event: 13.417 loading class sun/nio/ch/ChannelInputStream
Event: 13.417 loading class sun/nio/ch/ChannelInputStream done
Event: 13.781 Thread 0x000002b120719600 Thread exited: 0x000002b120719600
Event: 14.063 Thread 0x000002b12071a020 Thread added: 0x000002b12071a020
Event: 14.517 Thread 0x000002b12071a020 Thread exited: 0x000002b12071a020


Dynamic libraries:
0x00007ff6235e0000 - 0x00007ff6235ea000 	C:\Program Files\Android\jbr\bin\java.exe
0x00007ffcd0950000 - 0x00007ffcd0b66000 	C:\WINDOWS\SYSTEM32\ntdll.dll
0x00007ffcce680000 - 0x00007ffcce744000 	C:\WINDOWS\System32\KERNEL32.DLL
0x00007ffccde00000 - 0x00007ffcce1a7000 	C:\WINDOWS\System32\KERNELBASE.dll
0x00007ffcce350000 - 0x00007ffcce461000 	C:\WINDOWS\System32\ucrtbase.dll
0x00007ffca5b60000 - 0x00007ffca5b77000 	C:\Program Files\Android\jbr\bin\jli.dll
0x00007ffccede0000 - 0x00007ffccef8e000 	C:\WINDOWS\System32\USER32.dll
0x00007ffcce470000 - 0x00007ffcce496000 	C:\WINDOWS\System32\win32u.dll
0x00007ffcac380000 - 0x00007ffcac613000 	C:\WINDOWS\WinSxS\amd64_microsoft.windows.common-controls_6595b64144ccf1df_6.0.22621.3235_none_270f74e173860f98\COMCTL32.dll
0x00007ffcd05b0000 - 0x00007ffcd05d9000 	C:\WINDOWS\System32\GDI32.dll
0x00007ffccef90000 - 0x00007ffccf037000 	C:\WINDOWS\System32\msvcrt.dll
0x00007ffcc44e0000 - 0x00007ffcc44fb000 	C:\Program Files\Android\jbr\bin\VCRUNTIME140.dll
0x00007ffcce560000 - 0x00007ffcce679000 	C:\WINDOWS\System32\gdi32full.dll
0x00007ffccdce0000 - 0x00007ffccdd7a000 	C:\WINDOWS\System32\msvcp_win.dll
0x00007ffccf450000 - 0x00007ffccf481000 	C:\WINDOWS\System32\IMM32.DLL
0x00007ffcc8a30000 - 0x00007ffcc8a3c000 	C:\Program Files\Android\jbr\bin\vcruntime140_1.dll
0x00007ffc9a610000 - 0x00007ffc9a69d000 	C:\Program Files\Android\jbr\bin\msvcp140.dll
0x00007ffc386a0000 - 0x00007ffc39320000 	C:\Program Files\Android\jbr\bin\server\jvm.dll
0x00007ffccec40000 - 0x00007ffccecf2000 	C:\WINDOWS\System32\ADVAPI32.dll
0x00007ffcd0760000 - 0x00007ffcd0808000 	C:\WINDOWS\System32\sechost.dll
0x00007ffcce1b0000 - 0x00007ffcce1d8000 	C:\WINDOWS\System32\bcrypt.dll
0x00007ffcd0640000 - 0x00007ffcd0755000 	C:\WINDOWS\System32\RPCRT4.dll
0x00007ffcc8a20000 - 0x00007ffcc8a29000 	C:\WINDOWS\SYSTEM32\WSOCK32.dll
0x00007ffccb7d0000 - 0x00007ffccb804000 	C:\WINDOWS\SYSTEM32\WINMM.dll
0x00007ffcc7990000 - 0x00007ffcc799a000 	C:\WINDOWS\SYSTEM32\VERSION.dll
0x00007ffccebc0000 - 0x00007ffccec31000 	C:\WINDOWS\System32\WS2_32.dll
0x00007ffcccd60000 - 0x00007ffcccd78000 	C:\WINDOWS\SYSTEM32\kernel.appcore.dll
0x00007ffcc8560000 - 0x00007ffcc856a000 	C:\Program Files\Android\jbr\bin\jimage.dll
0x00007ffccb590000 - 0x00007ffccb7c3000 	C:\WINDOWS\SYSTEM32\DBGHELP.DLL
0x00007ffcce830000 - 0x00007ffccebb8000 	C:\WINDOWS\System32\combase.dll
0x00007ffcce750000 - 0x00007ffcce827000 	C:\WINDOWS\System32\OLEAUT32.dll
0x00007ffccb550000 - 0x00007ffccb582000 	C:\WINDOWS\SYSTEM32\dbgcore.DLL
0x00007ffccdd80000 - 0x00007ffccddf9000 	C:\WINDOWS\System32\bcryptPrimitives.dll
0x00007ffcac890000 - 0x00007ffcac89e000 	C:\Program Files\Android\jbr\bin\instrument.dll
0x00007ffca45a0000 - 0x00007ffca45c5000 	C:\Program Files\Android\jbr\bin\java.dll
0x00007ffcc3b00000 - 0x00007ffcc3b18000 	C:\Program Files\Android\jbr\bin\zip.dll
0x00007ffccf600000 - 0x00007ffccfe5c000 	C:\WINDOWS\System32\SHELL32.dll
0x00007ffccbb80000 - 0x00007ffccc479000 	C:\WINDOWS\SYSTEM32\windows.storage.dll
0x00007ffccba40000 - 0x00007ffccbb7e000 	C:\WINDOWS\SYSTEM32\wintypes.dll
0x00007ffcd0810000 - 0x00007ffcd0903000 	C:\WINDOWS\System32\SHCORE.dll
0x00007ffccf100000 - 0x00007ffccf15e000 	C:\WINDOWS\System32\shlwapi.dll
0x00007ffccdba0000 - 0x00007ffccdbc1000 	C:\WINDOWS\SYSTEM32\profapi.dll
0x00007ffcaccf0000 - 0x00007ffcacd09000 	C:\Program Files\Android\jbr\bin\net.dll
0x00007ffcc7730000 - 0x00007ffcc7866000 	C:\WINDOWS\SYSTEM32\WINHTTP.dll
0x00007ffccd1c0000 - 0x00007ffccd229000 	C:\WINDOWS\system32\mswsock.dll
0x00007ffca5c70000 - 0x00007ffca5c86000 	C:\Program Files\Android\jbr\bin\nio.dll
0x00007ffcc5c60000 - 0x00007ffcc5c70000 	C:\Program Files\Android\jbr\bin\verify.dll
0x00007ffcb51b0000 - 0x00007ffcb51d7000 	C:\Program Files\Android\jre\native\68d5fa5c4cc2d200863cafc0d521ce42e7d3e7ee720ec0a83991735586a16f82\windows-amd64\native-platform.dll
0x00007ffc7db20000 - 0x00007ffc7dc64000 	C:\Program Files\Android\jre\native\e376f236ea51e6404a007f0833ffe2c6e607c4080706a723a18a27aeea778392\windows-amd64\native-platform-file-events.dll
0x00007ffcc3170000 - 0x00007ffcc3179000 	C:\Program Files\Android\jbr\bin\management.dll
0x00007ffcae1e0000 - 0x00007ffcae1eb000 	C:\Program Files\Android\jbr\bin\management_ext.dll
0x00007ffccf0f0000 - 0x00007ffccf0f8000 	C:\WINDOWS\System32\PSAPI.DLL
0x00007ffccd3f0000 - 0x00007ffccd40b000 	C:\WINDOWS\SYSTEM32\CRYPTSP.dll
0x00007ffccccc0000 - 0x00007ffccccf5000 	C:\WINDOWS\system32\rsaenh.dll
0x00007ffccd270000 - 0x00007ffccd298000 	C:\WINDOWS\SYSTEM32\USERENV.dll
0x00007ffccd410000 - 0x00007ffccd41c000 	C:\WINDOWS\SYSTEM32\CRYPTBASE.dll
0x00007ffccc6e0000 - 0x00007ffccc70d000 	C:\WINDOWS\SYSTEM32\IPHLPAPI.DLL
0x00007ffccf490000 - 0x00007ffccf499000 	C:\WINDOWS\System32\NSI.dll
0x00007ffcc7320000 - 0x00007ffcc7339000 	C:\WINDOWS\SYSTEM32\dhcpcsvc6.DLL
0x00007ffcc7300000 - 0x00007ffcc731f000 	C:\WINDOWS\SYSTEM32\dhcpcsvc.DLL
0x00007ffccc750000 - 0x00007ffccc849000 	C:\WINDOWS\SYSTEM32\DNSAPI.dll
0x00007ffcb78b0000 - 0x00007ffcb78b8000 	C:\WINDOWS\system32\wshunix.dll

dbghelp: loaded successfully - version: 4.0.5 - missing functions: none
symbol engine: initialized successfully - sym options: 0x614 - pdb path: .;C:\Program Files\Android\jbr\bin;C:\WINDOWS\SYSTEM32;C:\WINDOWS\WinSxS\amd64_microsoft.windows.common-controls_6595b64144ccf1df_6.0.22621.3235_none_270f74e173860f98;C:\Program Files\Android\jbr\bin\server;C:\Program Files\Android\jre\native\68d5fa5c4cc2d200863cafc0d521ce42e7d3e7ee720ec0a83991735586a16f82\windows-amd64;C:\Program Files\Android\jre\native\e376f236ea51e6404a007f0833ffe2c6e607c4080706a723a18a27aeea778392\windows-amd64

VM Arguments:
jvm_args: --add-opens=java.base/java.util=ALL-UNNAMED --add-opens=java.base/java.lang=ALL-UNNAMED --add-opens=java.base/java.lang.invoke=ALL-UNNAMED --add-opens=java.prefs/java.util.prefs=ALL-UNNAMED --add-opens=java.base/java.nio.charset=ALL-UNNAMED --add-opens=java.base/java.net=ALL-UNNAMED --add-opens=java.base/java.util.concurrent.atomic=ALL-UNNAMED -Xmx2048m -Dfile.encoding=UTF-8 -Duser.country=US -Duser.language=en -Duser.variant -javaagent:C:\Program Files\Android\jre\wrapper\dists\gradle-8.2-bin\bbg7u40eoinfdyxsxr3z4i7ta\gradle-8.2\lib\agents\gradle-instrumentation-agent-8.2.jar 
java_command: org.gradle.launcher.daemon.bootstrap.GradleDaemon 8.2
java_class_path (initial): C:\Program Files\Android\jre\wrapper\dists\gradle-8.2-bin\bbg7u40eoinfdyxsxr3z4i7ta\gradle-8.2\lib\gradle-launcher-8.2.jar
Launcher Type: SUN_STANDARD

[Global flags]
     intx CICompilerCount                          = 4                                         {product} {ergonomic}
     uint ConcGCThreads                            = 2                                         {product} {ergonomic}
     uint G1ConcRefinementThreads                  = 8                                         {product} {ergonomic}
   size_t G1HeapRegionSize                         = 1048576                                   {product} {ergonomic}
    uintx GCDrainStackTargetSize                   = 64                                        {product} {ergonomic}
   size_t InitialHeapSize                          = 132120576                                 {product} {ergonomic}
   size_t MarkStackSize                            = 4194304                                   {product} {ergonomic}
   size_t MaxHeapSize                              = 2147483648                                {product} {command line}
   size_t MaxNewSize                               = 1287651328                                {product} {ergonomic}
   size_t MinHeapDeltaBytes                        = 1048576                                   {product} {ergonomic}
   size_t MinHeapSize                              = 8388608                                   {product} {ergonomic}
    uintx NonNMethodCodeHeapSize                   = 5839372                                {pd product} {ergonomic}
    uintx NonProfiledCodeHeapSize                  = 122909434                              {pd product} {ergonomic}
    uintx ProfiledCodeHeapSize                     = 122909434                              {pd product} {ergonomic}
    uintx ReservedCodeCacheSize                    = 251658240                              {pd product} {ergonomic}
     bool SegmentedCodeCache                       = true                                      {product} {ergonomic}
   size_t SoftMaxHeapSize                          = 2147483648                             {manageable} {ergonomic}
     bool UseCompressedClassPointers               = true                           {product lp64_product} {ergonomic}
     bool UseCompressedOops                        = true                           {product lp64_product} {ergonomic}
     bool UseG1GC                                  = true                                      {product} {ergonomic}
     bool UseLargePagesIndividualAllocation        = false                                  {pd product} {ergonomic}

Logging:
Log output configuration:
 #0: stdout all=warning uptime,level,tags
 #1: stderr all=off uptime,level,tags

Environment Variables:
JAVA_HOME=C:\Program Files\Java\jdk-17
PATH=C:\Program Files\Microsoft\jdk-11.0.16.101-hotspot\bin;C:\Program Files\Common Files\Oracle\Java\javapath;C:\Program Files (x86)\Common Files\Oracle\Java\javapath;C:\WINDOWS\system32;C:\WINDOWS;C:\WINDOWS\System32\Wbem;C:\WINDOWS\System32\WindowsPowerShell\v1.0\;C:\WINDOWS\System32\OpenSSH\;C:\Users\DELL\AppData\Local\Programs\Python\Python310\Scripts;C:\Program Files\Azure Data Studio\bin;C:\WINDOWS\system32;C:\WINDOWS;C:\WINDOWS\System32\Wbem;C:\WINDOWS\System32\WindowsPowerShell\v1.0\;C:\WINDOWS\System32\OpenSSH\;C:\Program Files\dotnet\;C:\Program Files\Git\cmd;C:\Users\DELL\AppData\Local\Programs\Python;C:\Program Files\Docker\Docker\resources\bin;C:\Program Files\Java\jdk-17\bin;C:\otp\apache-maven-3.9.4\bin;E:\Graphviz\bin\dot.exe;E:\Tesseract\tesseract-ocr-tesseract-bc059ec;C:\Users\DELL\AppData\Local\Programs\Python\Launcher\;C:\Users\DELL\AppData\Local\Microsoft\WindowsApps;C:\Users\DELL\AppData\Local\Programs\Microsoft VS Code\bin;C:\Program Files\Azure Data Studio\bin;C:\Users\DELL\AppData\Local\Programs\oh-my-posh\bin;C:\Program Files\JetBrains\PyCharm Community Edition 2023.1\bin;;C:\Program Files\Java\jdk-17\bin;C:\Users\DELL\AppData\Local\GitHubDesktop\bin;C:\Program Files\heroku\bin;C:\Users\DELL\AppData\Local\Programs\Python\Python310;C:\Users\DELL\AppData\Local\Programs\Python\Python310\Scripts;E:\Graphviz\bin;
USERNAME=DELL
OS=Windows_NT
PROCESSOR_IDENTIFIER=Intel64 Family 6 Model 126 Stepping 5, GenuineIntel
TMP=C:\Users\DELL\AppData\Local\Temp
TEMP=C:\Users\DELL\AppData\Local\Temp


JNI global refs:
JNI global refs: 25, weak refs: 0

JNI global refs memory usage: 843, weak refs: 841

OOME stack traces (most recent first):
Classloader memory used:
Loader org.gradle.internal.classloader.VisitableURLClassLoader                         : 6323K
Loader bootstrap                                                                       : 2527K
Loader org.gradle.initialization.MixInLegacyTypesClassLoader                           : 686K
Loader org.gradle.internal.classloader.VisitableURLClassLoader$InstrumentingVisitableURLClassLoader: 76051B
Loader jdk.internal.loader.ClassLoaders$PlatformClassLoader                            : 65701B
Loader org.gradle.internal.classloader.VisitableURLClassLoader                         : 52262B
Loader jdk.internal.jrtfs.JrtFileSystemProvider$JrtFsLoader                            : 38665B
Loader jdk.internal.loader.ClassLoaders$AppClassLoader                                 : 28457B
Loader jdk.internal.reflect.DelegatingClassLoader                                      : 25833B
Loader org.gradle.groovy.scripts.internal.DefaultScriptCompilationHandler$ScriptClassLoader: 11290B
Loader org.codehaus.groovy.runtime.callsite.CallSiteClassLoader                        : 6353B

Classes loaded by more than one classloader:
Class org.gradle.api.GradleException                                                  : loaded 3 times (x 80B)
Class org.gradle.util.GradleVersion                                                   : loaded 2 times (x 81B)
Class org.jetbrains.plugins.gradle.model.MavenRepositoryModel                         : loaded 2 times (x 68B)
Class org.gradle.internal.classpath.ClassPath                                         : loaded 2 times (x 68B)
Class org.gradle.api.internal.classpath.DefaultModuleRegistry                         : loaded 2 times (x 84B)
Class com.intellij.openapi.externalSystem.model.ExternalSystemException               : loaded 2 times (x 84B)
Class jdk.internal.jimage.BasicImageReader$1                                          : loaded 2 times (x 75B)
Class org.gradle.api.Action                                                           : loaded 2 times (x 68B)
Class org.jetbrains.plugins.gradle.model.ExternalProject                              : loaded 2 times (x 68B)
Class jdk.internal.jimage.ImageBufferCache$1                                          : loaded 2 times (x 78B)
Class jdk.internal.jimage.ImageBufferCache$2                                          : loaded 2 times (x 89B)
Class org.gradle.api.internal.DefaultClassPathProvider                                : loaded 2 times (x 74B)
Class org.gradle.internal.installation.GradleInstallation$1                           : loaded 2 times (x 73B)
Class jdk.internal.jrtfs.SystemImage$1                                                : loaded 2 times (x 76B)
Class jdk.internal.jrtfs.SystemImage$2                                                : loaded 2 times (x 74B)
Class org.gradle.internal.exceptions.DefaultMultiCauseException                       : loaded 2 times (x 85B)
Class org.gradle.internal.time.MonotonicClock                                         : loaded 2 times (x 75B)
Class org.gradle.internal.classloader.FilteringClassLoader                            : loaded 2 times (x 102B)
Class jdk.internal.jimage.ImageReader$Resource                                        : loaded 2 times (x 82B)
Class jdk.internal.jrtfs.SystemImage                                                  : loaded 2 times (x 72B)
Class org.gradle.tooling.model.Model                                                  : loaded 2 times (x 68B)
Class org.gradle.internal.classpath.DefaultClassPath$ImmutableUniqueList$Builder      : loaded 2 times (x 73B)
Class sync_studio_tooling_4rz3mvdomm1wfrn137mduim0y$_run_closure1                     : loaded 2 times (x 134B)
Class jdk.internal.jrtfs.JrtDirectoryStream$1                                         : loaded 2 times (x 81B)
Class org.gradle.internal.classloader.ClassLoaderVisitor                              : loaded 2 times (x 74B)
Class org.gradle.internal.time.DefaultCountdownTimer                                  : loaded 2 times (x 86B)
Class org.gradle.internal.service.DefaultServiceLocator                               : loaded 2 times (x 81B)
Class org.gradle.internal.service.UnknownServiceException                             : loaded 2 times (x 81B)
Class org.gradle.internal.classloader.DefaultClassLoaderFactory                       : loaded 2 times (x 80B)
Class jdk.internal.jimage.ImageReader$SharedImageReader                               : loaded 2 times (x 93B)
Class jdk.internal.jimage.decompressor.ZipDecompressorFactory                         : loaded 2 times (x 72B)
Class org.gradle.internal.classloader.VisitableURLClassLoader$Spec                    : loaded 2 times (x 72B)
Class org.gradle.tooling.model.ProjectModel                                           : loaded 2 times (x 68B)
Class org.gradle.internal.installation.GradleInstallation                             : loaded 2 times (x 73B)
Class org.gradle.api.internal.classpath.ModuleRegistry                                : loaded 2 times (x 68B)
Class org.jetbrains.plugins.gradle.model.RepositoriesModel                            : loaded 2 times (x 68B)
Class kotlin.jvm.internal.markers.KMappedMarker                                       : loaded 2 times (x 68B)
Class org.gradle.api.internal.ClassPathProvider                                       : loaded 2 times (x 68B)
Class org.gradle.internal.classloader.ClasspathUtil$1                                 : loaded 2 times (x 74B)
Class org.gradle.internal.classloader.ClassLoaderFactory                              : loaded 2 times (x 68B)
Class jdk.internal.jimage.ImageHeader                                                 : loaded 2 times (x 69B)
Class org.gradle.api.internal.classpath.ManifestUtil                                  : loaded 2 times (x 69B)
Class org.gradle.api.specs.Spec                                                       : loaded 2 times (x 68B)
Class ijinit_ea0znhqfvqo11g8b6ui80fn5n                                                : loaded 2 times (x 177B)
Class org.gradle.internal.IoActions                                                   : loaded 2 times (x 69B)
Class jdk.internal.jimage.decompressor.StringSharingDecompressorFactory               : loaded 2 times (x 72B)
Class org.gradle.api.internal.classpath.EffectiveClassPath                            : loaded 2 times (x 88B)
Class kotlin.jvm.internal.DefaultConstructorMarker                                    : loaded 2 times (x 69B)
Class org.gradle.internal.installation.CurrentGradleInstallation                      : loaded 2 times (x 71B)
Class org.gradle.internal.agents.InstrumentingClassLoader                             : loaded 2 times (x 68B)
Class org.gradle.internal.installation.CurrentGradleInstallationLocator               : loaded 2 times (x 69B)
Class org.gradle.api.internal.classpath.Module                                        : loaded 2 times (x 68B)
Class org.gradle.internal.service.CachingServiceLocator                               : loaded 2 times (x 80B)
Class org.gradle.internal.time.Timer                                                  : loaded 2 times (x 68B)
Class org.gradle.internal.classpath.DefaultClassPath                                  : loaded 2 times (x 88B)
Class jdk.internal.jimage.BasicImageReader                                            : loaded 2 times (x 93B)
Class jdk.internal.jimage.ImageLocation                                               : loaded 2 times (x 88B)
Class kotlin.jvm.functions.Function1                                                  : loaded 2 times (x 68B)
Class jdk.internal.jimage.ImageReader$Node                                            : loaded 2 times (x 82B)
Class org.gradle.internal.time.Time                                                   : loaded 2 times (x 69B)
Class jdk.internal.jimage.decompressor.CompressedResourceHeader                       : loaded 2 times (x 69B)
Class org.gradle.internal.time.TimeSource$1                                           : loaded 2 times (x 75B)
Class jdk.internal.jrtfs.JrtPath                                                      : loaded 2 times (x 116B)
Class jdk.internal.jimage.ImageStrings                                                : loaded 2 times (x 68B)
Class jdk.internal.jrtfs.JrtFileAttributes                                            : loaded 2 times (x 81B)
Class org.gradle.internal.classloader.SystemClassLoaderSpec                           : loaded 2 times (x 69B)
Class jdk.internal.jimage.decompressor.ResourceDecompressorRepository                 : loaded 2 times (x 69B)
Class kotlin.Function                                                                 : loaded 2 times (x 68B)
Class org.gradle.api.UncheckedIOException                                             : loaded 2 times (x 80B)
Class jdk.internal.jimage.decompressor.ResourceDecompressor$StringsProvider           : loaded 2 times (x 68B)
Class jdk.internal.jimage.decompressor.Decompressor                                   : loaded 2 times (x 70B)
Class jdk.internal.jrtfs.JrtFileSystem                                                : loaded 2 times (x 100B)
Class jdk.internal.jrtfs.JrtFileSystemProvider                                        : loaded 2 times (x 97B)
Class org.gradle.internal.time.CountdownTimer                                         : loaded 2 times (x 68B)
Class org.gradle.internal.time.Clock                                                  : loaded 2 times (x 68B)
Class org.gradle.internal.classloader.ClasspathUtil                                   : loaded 2 times (x 69B)
Class jdk.internal.jrtfs.JrtDirectoryStream                                           : loaded 2 times (x 87B)
Class sync_studio_tooling_4rz3mvdomm1wfrn137mduim0y                                   : loaded 2 times (x 177B)
Class jdk.internal.jimage.decompressor.ResourceDecompressor                           : loaded 2 times (x 68B)
Class org.gradle.api.internal.DefaultClassPathRegistry                                : loaded 2 times (x 74B)
Class org.gradle.api.internal.classpath.DefaultModuleRegistry$DefaultModule           : loaded 2 times (x 84B)
Class org.gradle.internal.time.TimeSource                                             : loaded 2 times (x 68B)
Class org.gradle.api.internal.classpath.UnknownModuleException                        : loaded 2 times (x 80B)
Class org.gradle.internal.service.ServiceLookupException                              : loaded 2 times (x 80B)
Class jdk.internal.jimage.ImageStringsReader                                          : loaded 2 times (x 78B)
Class org.gradle.cache.GlobalCache                                                    : loaded 2 times (x 68B)
Class jdk.internal.jimage.decompressor.ResourceDecompressorFactory                    : loaded 2 times (x 72B)
Class [Lorg.gradle.api.internal.ClassPathProvider;                                    : loaded 2 times (x 67B)
Class jdk.internal.jimage.ImageReader$SharedImageReader$LocationVisitor               : loaded 2 times (x 68B)
Class org.gradle.internal.operations.MultipleBuildOperationFailures                   : loaded 2 times (x 85B)
Class org.gradle.util.internal.GUtil                                                  : loaded 2 times (x 69B)
Class jdk.internal.jimage.decompressor.ZipDecompressor                                : loaded 2 times (x 73B)
Class org.gradle.internal.classloader.ClassLoaderSpec                                 : loaded 2 times (x 69B)
Class org.gradle.internal.classloader.VisitableURLClassLoader                         : loaded 2 times (x 114B)
Class org.gradle.internal.Cast                                                        : loaded 2 times (x 69B)
Class org.gradle.api.internal.ClassPathRegistry                                       : loaded 2 times (x 68B)
Class org.gradle.internal.classloader.VisitableURLClassLoader$InstrumentingVisitableURLClassLoader: loaded 2 times (x 120B)
Class org.gradle.internal.classloader.ClassLoaderHierarchy                            : loaded 2 times (x 68B)
Class org.gradle.internal.exceptions.MultiCauseException                              : loaded 2 times (x 68B)
Class jdk.internal.jimage.ImageReader                                                 : loaded 2 times (x 73B)
Class org.gradle.internal.InternalTransformer                                         : loaded 2 times (x 68B)
Class org.gradle.internal.service.ServiceLocator                                      : loaded 2 times (x 68B)
Class org.gradle.internal.classpath.DefaultClassPath$ImmutableUniqueList              : loaded 2 times (x 159B)
Class jdk.internal.jimage.ImageBufferCache                                            : loaded 2 times (x 69B)
Class org.gradle.internal.time.DefaultTimer                                           : loaded 2 times (x 78B)
Class org.gradle.internal.classpath.TransformedClassPath                              : loaded 2 times (x 94B)
Class jdk.internal.jimage.ImageReader$Directory                                       : loaded 2 times (x 82B)


---------------  S Y S T E M  ---------------

OS:
 Windows 11 , 64 bit Build 22621 (10.0.22621.3374)
OS uptime: 0 days 2:23 hours
Hyper-V role detected

CPU: total 8 (initial active 8) (4 cores per cpu, 2 threads per core) family 6 model 126 stepping 5 microcode 0xc2, cx8, cmov, fxsr, ht, mmx, 3dnowpref, sse, sse2, sse3, ssse3, sse4.1, sse4.2, popcnt, lzcnt, tsc, tscinvbit, avx, avx2, aes, erms, clmul, bmi1, bmi2, adx, avx512f, avx512dq, avx512cd, avx512bw, avx512vl, sha, fma, vzeroupper, avx512_vpopcntdq, avx512_vpclmulqdq, avx512_vaes, avx512_vnni, clflush, clflushopt, avx512_vbmi2, avx512_vbmi, hv

Memory: 4k page, system-wide physical 7959M (442M free)
TotalPageFile size 15093M (AvailPageFile size 58M)
current process WorkingSet (physical memory assigned to process): 365M, peak: 365M
current process commit charge ("private bytes"): 398M, peak: 659M

vm_info: OpenJDK 64-Bit Server VM (17.0.7+0-b2043.56-10550314) for windows-amd64 JRE (17.0.7+0-b2043.56-10550314), built on Jul 24 2023 18:27:45 by "androidbuild" with MS VC++ 16.10 / 16.11 (VS2019)

END.
